Timestamp: 11/1/2019 9:06:42 PM
  Message: Logging with udp trace listener.
  Category: General
  Priority: 2
  Severity: Critical
----------------------------------
Timestamp: 11/1/2019 9:15:02 PM
  Message: Logging with udp trace listener.
  Category: General
  Priority: 2
  Severity: Critical
----------------------------------
Timestamp: 11/1/2019 9:28:45 PM
  Message: Logging with udp trace listener.
  Category: General
  Priority: 2
  Severity: Critical
----------------------------------
Timestamp: 11/1/2019 9:32:51 PM
  Message: Logging with udp trace listener.
  Category: General
  Priority: 2
  Severity: Critical
----------------------------------
Timestamp: 11/1/2019 9:37:00 PM
  Message: Logging with udp trace listener.
  Category: General
  Priority: 2
  Severity: Critical
----------------------------------
Timestamp: 11/1/2019 9:37:44 PM
  Message: Logging with udp trace listener.
  Category: General
  Priority: 2
  Severity: Critical
----------------------------------
Timestamp: 11/2/2019 7:22:09 PM
  Message: Log Started with Enterprise Library and Udp Trace Listener.
  Category: General
  Priority: 2
  Severity: Critical
----------------------------------
